::1 - - [20/Oct/2021:17:38:57 +0000] "POST /whyme/login HTTP/1.1" 200 349
::1 - - [20/Oct/2021:17:39:04 +0000] "POST /whyme/login HTTP/1.1" 200 349
::1 - - [21/Oct/2021:07:33:01 +0000] "POST //whyme/register HTTP/1.1" 404 155
::1 - - [21/Oct/2021:07:33:12 +0000] "POST /whyme/register HTTP/1.1" 500 40
::1 - - [21/Oct/2021:07:35:11 +0000] "GET //whyme/avatar/-gJ9lBCD10EROSpt2GETNNWD.png HTTP/1.1" 404 181
::1 - - [21/Oct/2021:07:35:33 +0000] "GET //whyme/avatar/-gJ9lBCD10EROSpt2GETNNWD.png HTTP/1.1" 404 181
::1 - - [21/Oct/2021:07:35:56 +0000] "POST //whyme/upload-avatar/oscar HTTP/1.1" 404 166
::1 - - [21/Oct/2021:07:36:02 +0000] "POST //whyme/register HTTP/1.1" 404 155
::1 - - [21/Oct/2021:07:36:23 +0000] "PUT /whyme/update HTTP/1.1" 404 60
::1 - - [21/Oct/2021:07:36:27 +0000] "GET /whyme/avatar/-gJ9lBCD10EROSpt2GETNNWD.png HTTP/1.1" 200 8229
::1 - - [21/Oct/2021:07:41:57 +0000] "GET /whyme/users HTTP/1.1" 200 885
::1 - - [21/Oct/2021:07:42:52 +0000] "POST /whyme/register HTTP/1.1" 500 40
::1 - - [21/Oct/2021:07:42:52 +0000] "POST /whyme/login HTTP/1.1" 200 349
::1 - - [21/Oct/2021:07:42:52 +0000] "GET /whyme/users HTTP/1.1" 200 885
::1 - - [21/Oct/2021:07:42:53 +0000] "GET /whyme/user/616a9ad186b1d7f87b62feb7 HTTP/1.1" 200 175
::1 - - [21/Oct/2021:07:42:53 +0000] "PUT /whyme/update HTTP/1.1" 404 60
::1 - - [21/Oct/2021:07:42:53 +0000] "POST /whyme/upload-avatar/oscar HTTP/1.1" 404 60
::1 - - [21/Oct/2021:07:42:53 +0000] "GET /whyme/avatar/-gJ9lBCD10EROSpt2GETNNWD.png HTTP/1.1" 200 8229
::1 - - [21/Oct/2021:07:42:53 +0000] "POST /whyme/topics/ HTTP/1.1" 404 60
::1 - - [21/Oct/2021:07:42:53 +0000] "GET /whyme/topics/ HTTP/1.1" 200 1783
::1 - - [21/Oct/2021:07:42:53 +0000] "GET /whyme/topics/user/616a9ad186b1d7f87b62feb7 HTTP/1.1" 200 1064
::1 - - [21/Oct/2021:07:42:53 +0000] "GET /whyme/topic/616abf289a78b48ac8d0fed3 HTTP/1.1" 404 34
::1 - - [21/Oct/2021:07:42:53 +0000] "PUT /whyme/topics/616be4b1e3367f7cc246a3e6 HTTP/1.1" 404 60
::1 - - [21/Oct/2021:07:42:53 +0000] "DELETE /whyme/topics/616abf279a78b48ac8d0fed1 HTTP/1.1" 404 60
::1 - - [21/Oct/2021:07:42:53 +0000] "POST /whyme/topics/616abf279a78b48ac8d0fed1 HTTP/1.1" 404 60
::1 - - [21/Oct/2021:07:42:53 +0000] "PUT /whyme/topics/616abf279a78b48ac8d0fed1/616f08766e2b84a3c773a76f HTTP/1.1" 404 60
::1 - - [21/Oct/2021:07:42:53 +0000] "DELETE /whyme/topics/616abf279a78b48ac8d0fed1/616f09de255ca1b8bd8bdd3e HTTP/1.1" 404 60
::1 - - [21/Oct/2021:07:47:06 +0000] "POST /whyme/register HTTP/1.1" 500 40
::1 - - [21/Oct/2021:07:47:06 +0000] "POST /whyme/login HTTP/1.1" 200 349
::1 - - [21/Oct/2021:07:47:06 +0000] "GET /whyme/users HTTP/1.1" 200 885
::1 - - [21/Oct/2021:07:47:06 +0000] "GET /whyme/user/616a9ad186b1d7f87b62feb7 HTTP/1.1" 200 175
::1 - - [21/Oct/2021:07:47:06 +0000] "PUT /whyme/update HTTP/1.1" 404 60
::1 - - [21/Oct/2021:07:47:06 +0000] "POST /whyme/upload-avatar/oscar HTTP/1.1" 404 60
::1 - - [21/Oct/2021:07:47:06 +0000] "GET /whyme/avatar/-gJ9lBCD10EROSpt2GETNNWD.png HTTP/1.1" 200 8229
::1 - - [21/Oct/2021:07:47:06 +0000] "POST /whyme/topics/ HTTP/1.1" 404 60
::1 - - [21/Oct/2021:07:47:06 +0000] "GET /whyme/topics/ HTTP/1.1" 200 1783
::1 - - [21/Oct/2021:07:47:06 +0000] "GET /whyme/topics/user/616a9ad186b1d7f87b62feb7 HTTP/1.1" 200 1064
::1 - - [21/Oct/2021:07:47:06 +0000] "GET /whyme/topic/616abf289a78b48ac8d0fed3 HTTP/1.1" 404 34
::1 - - [21/Oct/2021:07:47:06 +0000] "PUT /whyme/topics/616be4b1e3367f7cc246a3e6 HTTP/1.1" 404 60
::1 - - [21/Oct/2021:07:47:06 +0000] "DELETE /whyme/topics/616abf279a78b48ac8d0fed1 HTTP/1.1" 404 60
::1 - - [21/Oct/2021:07:47:06 +0000] "POST /whyme/topics/616abf279a78b48ac8d0fed1 HTTP/1.1" 404 60
::1 - - [21/Oct/2021:07:47:06 +0000] "PUT /whyme/topics/616abf279a78b48ac8d0fed1/616f08766e2b84a3c773a76f HTTP/1.1" 404 60
::1 - - [21/Oct/2021:07:47:06 +0000] "DELETE /whyme/topics/616abf279a78b48ac8d0fed1/616f09de255ca1b8bd8bdd3e HTTP/1.1" 404 60
::1 - - [21/Oct/2021:07:47:43 +0000] "POST /whyme/register HTTP/1.1" 500 40
::1 - - [21/Oct/2021:07:47:43 +0000] "POST /whyme/login HTTP/1.1" 200 349
::1 - - [21/Oct/2021:07:47:43 +0000] "GET /whyme/users HTTP/1.1" 200 885
::1 - - [21/Oct/2021:07:47:43 +0000] "GET /whyme/user/616a9ad186b1d7f87b62feb7 HTTP/1.1" 200 175
::1 - - [21/Oct/2021:07:47:43 +0000] "PUT /whyme/update HTTP/1.1" 404 60
::1 - - [21/Oct/2021:07:47:43 +0000] "POST /whyme/upload-avatar/oscar HTTP/1.1" 404 60
::1 - - [21/Oct/2021:07:47:43 +0000] "GET /whyme/avatar/-gJ9lBCD10EROSpt2GETNNWD.png HTTP/1.1" 200 8229
::1 - - [21/Oct/2021:07:47:43 +0000] "POST /whyme/topics/ HTTP/1.1" 404 60
::1 - - [21/Oct/2021:07:47:43 +0000] "GET /whyme/topics/ HTTP/1.1" 200 1783
::1 - - [21/Oct/2021:07:47:43 +0000] "GET /whyme/topics/user/616a9ad186b1d7f87b62feb7 HTTP/1.1" 200 1064
::1 - - [21/Oct/2021:07:47:43 +0000] "GET /whyme/topic/616abf289a78b48ac8d0fed3 HTTP/1.1" 404 34
::1 - - [21/Oct/2021:07:47:43 +0000] "PUT /whyme/topics/616be4b1e3367f7cc246a3e6 HTTP/1.1" 404 60
::1 - - [21/Oct/2021:07:47:43 +0000] "DELETE /whyme/topics/616abf279a78b48ac8d0fed1 HTTP/1.1" 404 60
::1 - - [21/Oct/2021:07:47:43 +0000] "POST /whyme/topics/616abf279a78b48ac8d0fed1 HTTP/1.1" 404 60
::1 - - [21/Oct/2021:07:47:43 +0000] "PUT /whyme/topics/616abf279a78b48ac8d0fed1/616f08766e2b84a3c773a76f HTTP/1.1" 404 60
::1 - - [21/Oct/2021:07:47:44 +0000] "DELETE /whyme/topics/616abf279a78b48ac8d0fed1/616f09de255ca1b8bd8bdd3e HTTP/1.1" 404 60
::1 - - [21/Oct/2021:07:48:53 +0000] "POST /whyme/register HTTP/1.1" 500 40
::1 - - [21/Oct/2021:07:48:53 +0000] "POST /whyme/login HTTP/1.1" 200 349
::1 - - [21/Oct/2021:07:48:53 +0000] "GET /whyme/users HTTP/1.1" 200 885
::1 - - [21/Oct/2021:07:48:53 +0000] "GET /whyme/user/616a9ad186b1d7f87b62feb7 HTTP/1.1" 200 175
::1 - - [21/Oct/2021:07:48:53 +0000] "PUT /whyme/update HTTP/1.1" 404 60
::1 - - [21/Oct/2021:07:48:53 +0000] "POST /whyme/upload-avatar/oscar HTTP/1.1" 404 60
::1 - - [21/Oct/2021:07:48:54 +0000] "GET /whyme/avatar/-gJ9lBCD10EROSpt2GETNNWD.png HTTP/1.1" 200 8229
::1 - - [21/Oct/2021:07:48:54 +0000] "POST /whyme/topics/ HTTP/1.1" 404 60
::1 - - [21/Oct/2021:07:48:54 +0000] "GET /whyme/topics/ HTTP/1.1" 200 1783
::1 - - [21/Oct/2021:07:48:54 +0000] "GET /whyme/topics/user/616a9ad186b1d7f87b62feb7 HTTP/1.1" 200 1064
::1 - - [21/Oct/2021:07:48:54 +0000] "GET /whyme/topic/616abf289a78b48ac8d0fed3 HTTP/1.1" 404 34
::1 - - [21/Oct/2021:07:48:54 +0000] "PUT /whyme/topics/616be4b1e3367f7cc246a3e6 HTTP/1.1" 404 60
::1 - - [21/Oct/2021:07:48:54 +0000] "DELETE /whyme/topics/616abf279a78b48ac8d0fed1 HTTP/1.1" 404 60
::1 - - [21/Oct/2021:07:48:54 +0000] "POST /whyme/topics/616abf279a78b48ac8d0fed1 HTTP/1.1" 404 60
::1 - - [21/Oct/2021:07:48:54 +0000] "PUT /whyme/topics/616abf279a78b48ac8d0fed1/616f08766e2b84a3c773a76f HTTP/1.1" 404 60
::1 - - [21/Oct/2021:07:48:54 +0000] "DELETE /whyme/topics/616abf279a78b48ac8d0fed1/616f09de255ca1b8bd8bdd3e HTTP/1.1" 404 60
